[    0.000000] Linux version 4.15.0-161-generic (buildd@lcy01-amd64-012) (gcc version 7.5.0 (Ubuntu 7.5.0-3ubuntu1~18.04)) #169-Ubuntu SMP Fri Oct 15 13:41:54 UTC 2021 (Ubuntu 4.15.0-161.169-generic 4.15.18)
[    0.000000] Command line: BOOT_IMAGE=/boot/vmlinuz-4.15.0-161-generic root=LABEL=cloudimg-rootfs ro console=tty1 console=ttyS0
[    0.000000] KERNEL supported cpus:
[    0.000000]   Intel GenuineIntel
[    0.000000]   AMD AuthenticAMD
[    0.000000]   Centaur CentaurHauls
[    0.000000] [Firmware Bug]: TSC doesn't count with P0 frequency!
[    0.000000] x86/fpu: Supporting XSAVE feature 0x001: 'x87 floating point registers'
[    0.000000] x86/fpu: Supporting XSAVE feature 0x002: 'SSE registers'
[    0.000000] x86/fpu: Supporting XSAVE feature 0x004: 'AVX registers'
[    0.000000] x86/fpu: xstate_offset[2]:  576, xstate_sizes[2]:  256
[    0.000000] x86/fpu: Enabled xstate features 0x7, context size is 832 bytes, using 'standard' format.
[    0.000000] e820: BIOS-provided physical RAM map:
[    0.000000] BIOS-e820: [mem 0x0000000000000000-0x000000000009fbff] usable
[    0.000000] BIOS-e820: [mem 0x000000000009fc00-0x000000000009ffff] reserved
[    0.000000] BIOS-e820: [mem 0x00000000000f0000-0x00000000000fffff] reserved
[    0.000000] BIOS-e820: [mem 0x0000000000100000-0x000000001ffeffff] usable
[    0.000000] BIOS-e820: [mem 0x000000001fff0000-0x000000001fffffff] ACPI data
[    0.000000] BIOS-e820: [mem 0x00000000fec00000-0x00000000fec00fff] reserved
[    0.000000] BIOS-e820: [mem 0x00000000fee00000-0x00000000fee00fff] reserved
[    0.000000] BIOS-e820: [mem 0x00000000fffc0000-0x00000000ffffffff] reserved
[    0.000000] NX (Execute Disable) protection: active
[    0.000000] SMBIOS 2.5 present.
[    0.000000] DMI: innotek GmbH VirtualBox/VirtualBox, BIOS VirtualBox 12/01/2006
[    0.000000] Hypervisor detected: KVM
[    0.000000] e820: last_pfn = 0x1fff0 max_arch_pfn = 0x400000000
[    0.000000] MTRR: Disabled
[    0.000000] x86/PAT: MTRRs disabled, skipping PAT initialization too.
[    0.000000] CPU MTRRs all blank - virtualized system.
[    0.000000] x86/PAT: Configuration [0-7]: WB  WT  UC- UC  WB  WT  UC- UC  
[    0.000000] found SMP MP-table at [mem 0x0009fff0-0x0009ffff]
[    0.000000] Scanning 1 areas for low memory corruption
[    0.000000] RAMDISK: [mem 0x1daf8000-0x1ee07fff]
[    0.000000] ACPI: Early table checksum verification disabled
[    0.000000] ACPI: RSDP 0x00000000000E0000 000024 (v02 VBOX  )
[    0.000000] ACPI: XSDT 0x000000001FFF0030 00003C (v01 VBOX   VBOXXSDT 00000001 ASL  00000061)
[    0.000000] ACPI: FACP 0x000000001FFF00F0 0000F4 (v04 VBOX   VBOXFACP 00000001 ASL  00000061)
[    0.000000] ACPI: DSDT 0x000000001FFF0470 0022EA (v02 VBOX   VBOXBIOS 00000002 INTL 20100528)
[    0.000000] ACPI: FACS 0x000000001FFF0200 000040
[    0.000000] ACPI: FACS 0x000000001FFF0200 000040
[    0.000000] ACPI: APIC 0x000000001FFF0240 000054 (v02 VBOX   VBOXAPIC 00000001 ASL  00000061)
[    0.000000] ACPI: SSDT 0x000000001FFF02A0 0001CC (v01 VBOX   VBOXCPUT 00000002 INTL 20100528)
[    0.000000] ACPI: Reserving FACP table memory at [mem 0x1fff00f0-0x1fff01e3]
[    0.000000] ACPI: Reserving DSDT table memory at [mem 0x1fff0470-0x1fff2759]
[    0.000000] ACPI: Reserving FACS table memory at [mem 0x1fff0200-0x1fff023f]
[    0.000000] ACPI: Reserving FACS table memory at [mem 0x1fff0200-0x1fff023f]
[    0.000000] ACPI: Reserving APIC table memory at [mem 0x1fff0240-0x1fff0293]
[    0.000000] ACPI: Reserving SSDT table memory at [mem 0x1fff02a0-0x1fff046b]
[    0.000000] No NUMA configuration found
[    0.000000] Faking a node at [mem 0x0000000000000000-0x000000001ffeffff]
[    0.000000] NODE_DATA(0) allocated [mem 0x1ffc5000-0x1ffeffff]
[    0.000000] kvm-clock: cpu 0, msr 0:1ff44001, primary cpu clock
[    0.000000] kvm-clock: Using msrs 4b564d01 and 4b564d00
[    0.000000] kvm-clock: using sched offset of 3443888247 cycles
[    0.000000] clocksource: kvm-clock: mask: 0xffffffffffffffff max_cycles: 0x1cd42e4dffb, max_idle_ns: 881590591483 ns
[    0.000000] Zone ranges:
[    0.000000]   DMA      [mem 0x0000000000001000-0x0000000000ffffff]
[    0.000000]   DMA32    [mem 0x0000000001000000-0x000000001ffeffff]
[    0.000000]   Normal   empty
[    0.000000]   Device   empty
[    0.000000] Movable zone start for each node
[    0.000000] Early memory node ranges
[    0.000000]   node   0: [mem 0x0000000000001000-0x000000000009efff]
[    0.000000]   node   0: [mem 0x0000000000100000-0x000000001ffeffff]
[    0.000000] Reserved but unavailable: 104 pages
[    0.000000] Initmem setup node 0 [mem 0x0000000000001000-0x000000001ffeffff]
[    0.000000] ACPI: PM-Timer IO Port: 0x4008
[    0.000000] IOAPIC[0]: apic_id 1, version 32, address 0xfec00000, GSI 0-23
[    0.000000] ACPI: INT_SRC_OVR (bus 0 bus_irq 0 global_irq 2 dfl dfl)
[    0.000000] ACPI: INT_SRC_OVR (bus 0 bus_irq 9 global_irq 9 low level)
[    0.000000] Using ACPI (MADT) for SMP configuration information
[    0.000000] smpboot: Allowing 1 CPUs, 0 hotplug CPUs
[    0.000000] PM: Registered nosave memory: [mem 0x00000000-0x00000fff]
[    0.000000] PM: Registered nosave memory: [mem 0x0009f000-0x0009ffff]
[    0.000000] PM: Registered nosave memory: [mem 0x000a0000-0x000effff]
[    0.000000] PM: Registered nosave memory: [mem 0x000f0000-0x000fffff]
[    0.000000] e820: [mem 0x20000000-0xfebfffff] available for PCI devices
[    0.000000] Booting paravirtualized kernel on KVM
[    0.000000] clocksource: refined-jiffies: mask: 0xffffffff max_cycles: 0xffffffff, max_idle_ns: 7645519600211568 ns
[    0.000000] random: get_random_bytes called from start_kernel+0x99/0x500 with crng_init=0
[    0.000000] setup_percpu: NR_CPUS:8192 nr_cpumask_bits:1 nr_cpu_ids:1 nr_node_ids:1
[    0.000000] percpu: Embedded 45 pages/cpu s147456 r8192 d28672 u2097152
[    0.000000] PV qspinlock hash table entries: 256 (order: 0, 4096 bytes)
[    0.000000] Built 1 zonelists, mobility grouping on.  Total pages: 128889
[    0.000000] Policy zone: DMA32
[    0.000000] Kernel command line: BOOT_IMAGE=/boot/vmlinuz-4.15.0-161-generic root=LABEL=cloudimg-rootfs ro console=tty1 console=ttyS0
[    0.000000] Memory: 466800K/523832K available (12300K kernel code, 2483K rwdata, 4320K rodata, 2448K init, 2724K bss, 57032K reserved, 0K cma-reserved)
[    0.000000] SLUB: HWalign=64, Order=0-3, MinObjects=0, CPUs=1, Nodes=1
[    0.000000] ftrace: allocating 39475 entries in 155 pages
[    0.004000] Hierarchical RCU implementation.
[    0.004000] 	RCU restricting CPUs from NR_CPUS=8192 to nr_cpu_ids=1.
[    0.004000] 	Tasks RCU enabled.
[    0.004000] RCU: Adjusting geometry for rcu_fanout_leaf=16, nr_cpu_ids=1
[    0.004000] NR_IRQS: 524544, nr_irqs: 256, preallocated irqs: 16
[    0.004000] Console: colour VGA+ 80x25
[    0.004000] console [tty1] enabled
[    0.004000] console [ttyS0] enabled
[    0.004000] ACPI: Core revision 20170831
[    0.004000] ACPI: 2 ACPI AML tables successfully acquired and loaded
[    0.004000] APIC: Switch to symmetric I/O mode setup
[    0.004000] x2apic enabled
[    0.004000] Switched APIC routing to physical x2apic.
[    0.004000] ..TIMER: vector=0x30 apic1=0 pin1=2 apic2=-1 pin2=-1
[    0.004004] tsc: Detected 3293.806 MHz processor
[    0.004634] Calibrating delay loop (skipped) preset value.. 6587.61 BogoMIPS (lpj=13175224)
[    0.005088] pid_max: default: 32768 minimum: 301
[    0.005743] Security Framework initialized
[    0.006324] Yama: becoming mindful.
[    0.006835] AppArmor: AppArmor initialized
[    0.008063] Dentry cache hash table entries: 65536 (order: 7, 524288 bytes)
[    0.008974] Inode-cache hash table entries: 32768 (order: 6, 262144 bytes)
[    0.009857] Mount-cache hash table entries: 1024 (order: 1, 8192 bytes)
[    0.010711] Mountpoint-cache hash table entries: 1024 (order: 1, 8192 bytes)
[    0.011825] CPU0: Hyper-Threading is disabled
[    0.012020] Last level iTLB entries: 4KB 512, 2MB 512, 4MB 256
[    0.012792] Last level dTLB entries: 4KB 2048, 2MB 2048, 4MB 1024, 1GB 0
[    0.013637] Spectre V1 : Mitigation: usercopy/swapgs barriers and __user pointer sanitization
[    0.014743] Spectre V2 : Spectre mitigation: LFENCE not serializing, switching to generic retpoline
[    0.016002] Spectre V2 : Mitigation: Full generic retpoline
[    0.016739] Spectre V2 : Spectre v2 / SpectreRSB mitigation: Filling RSB on context switch
[    0.017803] Speculative Store Bypass: Vulnerable
[    0.024000] Freeing SMP alternatives memory: 36K
[    0.135199] smpboot: CPU0: AMD Ryzen 9 5900HX with Radeon Graphics (family: 0x19, model: 0x50, stepping: 0x0)
[    0.136000] Performance Events: PMU not available due to virtualization, using software events only.
[    0.136000] Hierarchical SRCU implementation.
[    0.136000] NMI watchdog: Perf event create on CPU 0 failed with -2
[    0.136002] NMI watchdog: Perf NMI watchdog permanently disabled
[    0.136826] smp: Bringing up secondary CPUs ...
[    0.137434] smp: Brought up 1 node, 1 CPU
[    0.137994] smpboot: Max logical packages: 1
[    0.138571] smpboot: Total of 1 processors activated (6587.61 BogoMIPS)
[    0.140095] devtmpfs: initialized
[    0.140646] x86/mm: Memory block size: 128MB
[    0.141322] evm: security.selinux
[    0.141794] evm: security.SMACK64
[    0.142272] evm: security.SMACK64EXEC
[    0.142784] evm: security.SMACK64TRANSMUTE
[    0.143352] evm: security.SMACK64MMAP
[    0.143857] evm: security.apparmor
[    0.144004] evm: security.ima
[    0.144433] evm: security.capability
[    0.145030] clocksource: jiffies: mask: 0xffffffff max_cycles: 0xffffffff, max_idle_ns: 7645041785100000 ns
[    0.146412] futex hash table entries: 256 (order: 2, 16384 bytes)
[    0.147262] pinctrl core: initialized pinctrl subsystem
[    0.148097] RTC time:  8:35:13, date: 11/15/21
[    0.148791] NET: Registered protocol family 16
[    0.149443] audit: initializing netlink subsys (disabled)
[    0.150263] cpuidle: using governor ladder
[    0.150835] cpuidle: using governor menu
[    0.152028] audit: type=2000 audit(1636965318.343:1): state=initialized audit_enabled=0 res=1
[    0.153163] ACPI: bus type PCI registered
[    0.153714] acpiphp: ACPI Hot Plug PCI Controller Driver version: 0.5
[    0.154619] PCI: Using configuration type 1 for base access
[    0.155358] PCI: Using configuration type 1 for extended access
[    0.156052] HugeTLB registered 2.00 MiB page size, pre-allocated 0 pages
[    0.157076] ACPI: Added _OSI(Module Device)
[    0.157668] ACPI: Added _OSI(Processor Device)
[    0.158293] ACPI: Added _OSI(3.0 _SCP Extensions)
[    0.160004] ACPI: Added _OSI(Processor Aggregator Device)
[    0.160713] ACPI: Added _OSI(Linux-Dell-Video)
[    0.161319] ACPI: Added _OSI(Linux-Lenovo-NV-HDMI-Audio)
[    0.162026] ACPI: Added _OSI(Linux-HPI-Hybrid-Graphics)
[    0.162971] ACPI: Executed 1 blocks of module-level executable AML code
[    0.166656] ACPI: Interpreter enabled
[    0.167197] ACPI: (supports S0 S5)
[    0.167678] ACPI: Using IOAPIC for interrupt routing
[    0.168205] PCI: Using host bridge windows from ACPI; if necessary, use "pci=nocrs" and report a bug
[    0.169534] ACPI: Enabled 2 GPEs in block 00 to 07
[    0.175553] ACPI: PCI Root Bridge [PCI0] (domain 0000 [bus 00-ff])
[    0.176007] acpi PNP0A03:00: _OSC: OS supports [ExtendedConfig ASPM ClockPM Segments MSI]
[    0.177890] acpi PNP0A03:00: _OSC: platform does not support [PCIeCapability]
[    0.179632] acpi PNP0A03:00: _OSC: not requesting control; platform does not support [PCIeCapability]
[    0.180004] acpi PNP0A03:00: _OSC: OS requested [PCIeHotplug PME AER PCIeCapability]
[    0.181037] acpi PNP0A03:00: _OSC: platform willing to grant [PCIeHotplug PME AER]
[    0.182421] acpi PNP0A03:00: _OSC failed (AE_SUPPORT); disabling ASPM
[    0.184293] PCI host bridge to bus 0000:00
[    0.184935] pci_bus 0000:00: root bus resource [io  0x0000-0x0cf7 window]
[    0.185820] pci_bus 0000:00: root bus resource [io  0x0d00-0xffff window]
[    0.186709] pci_bus 0000:00: root bus resource [mem 0x000a0000-0x000bffff window]
[    0.187714] pci_bus 0000:00: root bus resource [mem 0x20000000-0xfdffffff window]
[    0.188003] pci_bus 0000:00: root bus resource [bus 00-ff]
[    0.190495] pci 0000:00:01.1: legacy IDE quirk: reg 0x10: [io  0x01f0-0x01f7]
[    0.192003] pci 0000:00:01.1: legacy IDE quirk: reg 0x14: [io  0x03f6]
[    0.192837] pci 0000:00:01.1: legacy IDE quirk: reg 0x18: [io  0x0170-0x0177]
[    0.193749] pci 0000:00:01.1: legacy IDE quirk: reg 0x1c: [io  0x0376]
[    0.203168] pci 0000:00:07.0: quirk: [io  0x4000-0x403f] claimed by PIIX4 ACPI
[    0.204020] pci 0000:00:07.0: quirk: [io  0x4100-0x410f] claimed by PIIX4 SMB
[    0.208035] ACPI: PCI Interrupt Link [LNKA] (IRQs 5 9 10 *11)
[    0.209068] ACPI: PCI Interrupt Link [LNKB] (IRQs 5 9 *10 11)
[    0.209921] ACPI: PCI Interrupt Link [LNKC] (IRQs 5 *9 10 11)
[    0.210794] ACPI: PCI Interrupt Link [LNKD] (IRQs 5 9 10 *11)
[    0.211861] SCSI subsystem initialized
[    0.212099] pci 0000:00:02.0: vgaarb: setting as boot VGA device
[    0.212898] pci 0000:00:02.0: vgaarb: VGA device added: decodes=io+mem,owns=io+mem,locks=none
[    0.214000] pci 0000:00:02.0: vgaarb: bridge control possible
[    0.214759] vgaarb: loaded
[    0.215197] ACPI: bus type USB registered
[    0.216020] usbcore: registered new interface driver usbfs
[    0.216788] usbcore: registered new interface driver hub
[    0.217503] usbcore: registered new device driver usb
[    0.218217] EDAC MC: Ver: 3.0.0
[    0.218905] PCI: Using ACPI for IRQ routing
[    0.219739] NetLabel: Initializing
[    0.220002] NetLabel:  domain hash size = 128
[    0.220588] NetLabel:  protocols = UNLABELED CIPSOv4 CALIPSO
[    0.221348] NetLabel:  unlabeled traffic allowed by default
[    0.222168] clocksource: Switched to clocksource kvm-clock
[    0.232674] VFS: Disk quotas dquot_6.6.0
[    0.233280] VFS: Dquot-cache hash table entries: 512 (order 0, 4096 bytes)
[    0.234261] AppArmor: AppArmor Filesystem Enabled
[    0.234937] pnp: PnP ACPI init
[    0.236296] pnp: PnP ACPI: found 3 devices
[    0.242142] clocksource: acpi_pm: mask: 0xffffff max_cycles: 0xffffff, max_idle_ns: 2085701024 ns
[    0.243434] NET: Registered protocol family 2
[    0.244072] IP idents hash table entries: 8192 (order: 4, 65536 bytes)
[    0.245238] TCP established hash table entries: 4096 (order: 3, 32768 bytes)
[    0.246161] TCP bind hash table entries: 4096 (order: 4, 65536 bytes)
[    0.246987] TCP: Hash tables configured (established 4096 bind 4096)
[    0.247827] UDP hash table entries: 256 (order: 1, 8192 bytes)
[    0.248654] UDP-Lite hash table entries: 256 (order: 1, 8192 bytes)
[    0.249546] NET: Registered protocol family 1
[    0.250177] pci 0000:00:00.0: Limiting direct PCI/PCI transfers
[    0.250958] pci 0000:00:01.0: Activating ISA DMA hang workarounds
[    0.251802] pci 0000:00:02.0: Video device with shadowed ROM at [mem 0x000c0000-0x000dffff]
[    0.253008] Unpacking initramfs...
[    0.534052] Freeing initrd memory: 19520K
[    0.535102] clocksource: tsc: mask: 0xffffffffffffffff max_cycles: 0x2f7a71240d2, max_idle_ns: 440795228406 ns
[    0.537143] platform rtc_cmos: registered platform RTC device (no PNP device found)
[    0.538620] Scanning for low memory corruption every 60 seconds
[    0.540436] Initialise system trusted keyrings
[    0.541330] Key type blacklist registered
[    0.542221] workingset: timestamp_bits=36 max_order=17 bucket_order=0
[    0.544033] zbud: loaded
[    0.545209] squashfs: version 4.0 (2009/01/31) Phillip Lougher
[    0.547241] fuse init (API version 7.26)
[    0.549013] Key type asymmetric registered
[    0.549949] Asymmetric key parser 'x509' registered
[    0.551024] Block layer SCSI generic (bsg) driver version 0.4 loaded (major 246)
[    0.552636] io scheduler noop registered
[    0.553439] io scheduler deadline registered
[    0.554358] io scheduler cfq registered (default)
[    0.555655] ACPI: AC Adapter [AC] (off-line)
[    0.556743] input: Power Button as /devices/LNXSYSTM:00/LNXPWRBN:00/input/input0
[    0.558291] ACPI: Power Button [PWRF]
[    0.559141] input: Sleep Button as /devices/LNXSYSTM:00/LNXSLPBN:00/input/input1
[    0.560908] ACPI: Sleep Button [SLPF]
[    0.563501] ACPI: Battery Slot [BAT0] (battery present)
[    0.564689] Serial: 8250/16550 driver, 32 ports, IRQ sharing enabled
[    0.586832] 00:02: ttyS0 at I/O 0x3f8 (irq = 4, base_baud = 115200) is a 16550A
[    0.588843] Linux agpgart interface v0.103
[    0.590256] loop: module loaded
[    0.591125] scsi host0: ata_piix
[    0.591660] scsi host1: ata_piix
[    0.592197] ata1: PATA max UDMA/33 cmd 0x1f0 ctl 0x3f6 bmdma 0xd000 irq 14
[    0.593083] ata2: PATA max UDMA/33 cmd 0x170 ctl 0x376 bmdma 0xd008 irq 15
[    0.594493] libphy: Fixed MDIO Bus: probed
[    0.595072] tun: Universal TUN/TAP device driver, 1.6
[    0.595764] PPP generic driver version 2.4.2
[    0.596418] ehci_hcd: USB 2.0 'Enhanced' Host Controller (EHCI) Driver
[    0.597267] ehci-pci: EHCI PCI platform driver
[    0.597877] ehci-platform: EHCI generic platform driver
[    0.598584] ohci_hcd: USB 1.1 'Open' Host Controller (OHCI) Driver
[    0.599394] ohci-pci: OHCI PCI platform driver
[    0.600010] ohci-platform: OHCI generic platform driver
[    0.600724] uhci_hcd: USB Universal Host Controller Interface driver
[    0.601638] i8042: PNP: PS/2 Controller [PNP0303:PS2K,PNP0f03:PS2M] at 0x60,0x64 irq 1,12
[    0.603135] serio: i8042 KBD port at 0x60,0x64 irq 1
[    0.603856] serio: i8042 AUX port at 0x60,0x64 irq 12
[    0.604587] mousedev: PS/2 mouse device common for all mice
[    0.605570] input: AT Translated Set 2 keyboard as /devices/platform/i8042/serio0/input/input2
[    0.607076] rtc_cmos rtc_cmos: rtc core: registered rtc_cmos as rtc0
[    0.608008] rtc_cmos rtc_cmos: alarms up to one day, 114 bytes nvram
[    0.608880] i2c /dev entries driver
[    0.609411] device-mapper: uevent: version 1.0.3
[    0.610091] device-mapper: ioctl: 4.37.0-ioctl (2017-09-20) initialised: dm-devel@redhat.com
[    0.611204] ledtrig-cpu: registered to indicate activity on CPUs
[    0.612235] NET: Registered protocol family 10
[    0.615208] Segment Routing with IPv6
[    0.615790] NET: Registered protocol family 17
[    0.616435] Key type dns_resolver registered
[    0.617107] mce: Using 0 MCE banks
[    0.617612] RAS: Correctable Errors collector initialized.
[    0.618340] sched_clock: Marking stable (616396096, 0)->(750068359, -133672263)
[    0.619411] registered taskstats version 1
[    0.619985] Loading compiled-in X.509 certificates
[    0.622127] Loaded X.509 cert 'Build time autogenerated kernel key: 1542c441293f32312405dc023a70312e7f0d3f0a'
[    0.623881] Loaded X.509 cert 'Canonical Ltd. Live Patch Signing: 14df34d1a87cf37625abec039ef2bf521249b969'
[    0.625675] Loaded X.509 cert 'Canonical Ltd. Kernel Module Signing: 88f752e560a1e0737e31163a466ad7b70a850c19'
[    0.626981] zswap: loaded using pool lzo/zbud
[    0.629588] Key type big_key registered
[    0.630178] Key type trusted registered
[    0.631799] Key type encrypted registered
[    0.632415] AppArmor: AppArmor sha1 policy hashing enabled
[    0.633147] ima: No TPM chip found, activating TPM-bypass! (rc=-19)
[    0.633953] ima: Allocated hash algorithm: sha1
[    0.634577] evm: HMAC attrs: 0x1
[    0.635220]   Magic number: 13:35:574
[    0.635796] rtc_cmos rtc_cmos: setting system clock to 2021-11-15 08:35:14 UTC (1636965314)
[    0.636930] BIOS EDD facility v0.16 2004-Jun-25, 0 devices found
[    0.637717] EDD information not available.
[    0.755615] Freeing unused kernel image memory: 2448K
[    0.764416] Write protecting the kernel read-only data: 20480k
[    0.766426] Freeing unused kernel image memory: 2008K
[    0.767400] Freeing unused kernel image memory: 1824K
[    0.773307] x86/mm: Checked W+X mappings: passed, no W+X pages found.
Loading, please wait...
starting version 237
[    0.846979] e1000: Intel(R) PRO/1000 Network Driver - version 7.3.21-k8-NAPI
[    0.848197] e1000: Copyright (c) 1999-2006 Intel Corporation.
[    0.851057] Fusion MPT base driver 3.04.20
[    0.851788] Copyright (c) 1999-2008 LSI Corporation
[    0.855569] Fusion MPT SPI Host driver 3.04.20
[    0.887846] AVX2 version of gcm_enc/dec engaged.
[    0.888741] AES CTR mode by8 optimization enabled
[    1.061948] input: ImExPS/2 Generic Explorer Mouse as /devices/platform/i8042/serio1/input/input4
[    1.244125] e1000 0000:00:03.0 eth0: (PCI:33MHz:32-bit) 02:98:b5:2c:07:4e
[    1.245137] e1000 0000:00:03.0 eth0: Intel(R) PRO/1000 Network Connection
[    1.247677] e1000 0000:00:03.0 enp0s3: renamed from eth0
[    1.249436] mptbase: ioc0: Initiating bringup
[    1.344433] ioc0: LSI53C1030 A0: Capabilities={Initiator}
[    1.585474] scsi host2: ioc0: LSI53C1030 A0, FwRev=00000000h, Ports=1, MaxQ=256, IRQ=20
[    1.752765] scsi 2:0:0:0: Direct-Access     VBOX     HARDDISK         1.0  PQ: 0 ANSI: 5
[    1.754293] scsi target2:0:0: Beginning Domain Validation
[    1.756087] scsi target2:0:0: Domain Validation skipping write tests
[    1.756936] scsi target2:0:0: Ending Domain Validation
[    1.757647] scsi target2:0:0: asynchronous
[    1.758333] random: fast init done
[    1.759029] scsi 2:0:1:0: Direct-Access     VBOX     HARDDISK         1.0  PQ: 0 ANSI: 5
[    1.760090] scsi target2:0:1: Beginning Domain Validation
[    1.761387] scsi target2:0:1: Domain Validation skipping write tests
[    1.762210] scsi target2:0:1: Ending Domain Validation
[    1.762928] scsi target2:0:1: asynchronous
[    1.766995] random: systemd-udevd: uninitialized urandom read (16 bytes read)
[    1.767952] random: systemd-udevd: uninitialized urandom read (16 bytes read)
[    1.768902] random: systemd-udevd: uninitialized urandom read (16 bytes read)
[    1.770124] sd 2:0:0:0: [sda] 83886080 512-byte logical blocks: (42.9 GB/40.0 GiB)
[    1.771184] sd 2:0:0:0: [sda] Write Protect is off
[    1.771959] sd 2:0:0:0: [sda] Incomplete mode parameter data
[    1.772735] sd 2:0:0:0: [sda] Assuming drive cache: write through
[    1.773800] sd 2:0:0:0: Attached scsi generic sg0 type 0
[    1.775334] sd 2:0:1:0: [sdb] 20480 512-byte logical blocks: (10.5 MB/10.0 MiB)
[    1.776485] sd 2:0:1:0: [sdb] Write Protect is off
[    1.777164]  sda: sda1
[    1.777682] sd 2:0:1:0: [sdb] Incomplete mode parameter data
[    1.778479] sd 2:0:1:0: [sdb] Assuming drive cache: write through
[    1.779663] sd 2:0:1:0: Attached scsi generic sg1 type 0
[    1.780549] sd 2:0:0:0: [sda] Attached SCSI disk
[    1.782951] sd 2:0:1:0: [sdb] Attached SCSI disk
Begin: Loading essential drivers ... [    3.236722] raid6: sse2x1   gen()  4336 MB/s
[    3.284568] raid6: sse2x1   xor()  8337 MB/s
[    3.332448] raid6: sse2x2   gen()  9151 MB/s
[    3.380336] raid6: sse2x2   xor() 10512 MB/s
[    3.428252] raid6: sse2x4   gen() 13159 MB/s
[    3.476110] raid6: sse2x4   xor()  6606 MB/s
[    3.524958] raid6: avx2x1   gen()  9297 MB/s
[    3.572839] raid6: avx2x1   xor() 15491 MB/s
[    3.620707] raid6: avx2x2   gen() 22845 MB/s
[    3.668455] raid6: avx2x2   xor() 18481 MB/s
[    3.716478] raid6: avx2x4   gen() 20264 MB/s
[    3.764350] raid6: avx2x4   xor() 12578 MB/s
[    3.764978] raid6: using algorithm avx2x2 gen() 22845 MB/s
[    3.765725] raid6: .... xor() 18481 MB/s, rmw enabled
[    3.766442] raid6: using avx2x2 recovery algorithm
[    3.768614] xor: automatically using best checksumming function   avx       
[    3.770692] async_tx: api initialized (async)
done.
Begin: Running /scripts/init-premount ... done.
Begin: Mounting root file system ... Begin: Running /scripts/local-top ... done.
Begin: Running /scripts/local-premount ... [    3.814404] Btrfs loaded, crc32c=crc32c-intel
Scanning for Btrfs filesystems
done.
Warning: fsck not present, so skipping root file system
[    3.840843] EXT4-fs (sda1): mounted filesystem with ordered data mode. Opts: (null)
done.
Begin: Running /scripts/local-bottom ... done.
Begin: Running /scripts/init-bottom ... done.
[    3.981084] ip_tables: (C) 2000-2006 Netfilter Core Team
[    3.989406] systemd[1]: systemd 237 running in system mode. (+PAM +AUDIT +SELINUX +IMA +APPARMOR +SMACK +SYSVINIT +UTMP +LIBCRYPTSETUP +GCRYPT +GNUTLS +ACL +XZ +LZ4 +SECCOMP +BLKID +ELFUTILS +KMOD -IDN2 +IDN -PCRE2 default-hierarchy=hybrid)
[    3.992143] systemd[1]: Detected virtualization oracle.
[    3.992927] systemd[1]: Detected architecture x86-64.

Welcome to [1mUbuntu 18.04.6 LTS[0m!

[    3.997820] systemd[1]: Set hostname to <ubuntu>.
[    4.000823] systemd[1]: Initializing machine ID from random generator.
[    4.001709] systemd[1]: Installed transient /etc/machine-id file.
[    4.204221] systemd[1]: Created slice User and Session Slice.
[[0;32m  OK  [0m] Created slice User and Session Slice.
[    4.206405] systemd[1]: Created slice System Slice.
[[0;32m  OK  [0m] Created slice System Slice.
[    4.207973] systemd[1]: Listening on LVM2 metadata daemon socket.
[[0;32m  OK  [0m] Listening on LVM2 metadata daemon socket.
[    4.209674] systemd[1]: Listening on Journal Socket.
[[0;32m  OK  [0m] Listening on Journal Socket.
         Starting Set the console keyboard layout...
         Starting Load Kernel Modules...
[[0;32m  OK  [0m] Created slice system-serial\x2dgetty.slice.
[[0;32m  OK  [0m] Listening on Journal Socket (/dev/log).
[[0;32m  OK  [0m] Listening on Device-mapper event daemon FIFOs.
[    4.239460] Loading iSCSI transport class v2.0-870.
[[0;32m  OK  [0m] Set up automount Arbitrary Executab…rmats File System Automount Point.
[[0;32m  OK  [0m] Reached target Swap.
[[0;32m  OK  [0m] Reached target User and Group Name Lookups.
[[0;32m  OK  [0m] Reached target Slices.
[[0;32m  OK  [0m] Listening on Network Service Netlink Socket.
         Starting Create list of required st…ce nodes for the current kernel...
[[0;32m  OK  [0m] Listening on fsck to fsckd communication Socket.
[[0;32m  OK  [0m] Listening on Syslog Socket.
[[0;32m  OK  [0m] Listening on /dev/initctl Compatibility Named Pipe.
[[0;32m  OK  [0m] Reached target System Time Synchronized.
[[0;32m  OK  [0m] Listening on LVM2 poll daemon socket.
         Starting File System Check on Root Device...
[    4.262571] iscsi: registered transport (tcp)
         Starting Monitoring of LVM2 mirrors…ng dmeventd or progress polling...
[    4.276092] iscsi: registered transport (iser)
         Mounting Kernel Debug File System...
[[0;32m  OK  [0m] Listening on udev Kernel Socket.
[[0;32m  OK  [0m] Started Forward Password Requests to Wall Directory Watch.
         Starting Uncomplicated firewall...
[[0;32m  OK  [0m] Listening on Journal Audit Socket.
         Starting Journal Service...
         Mounting POSIX Message Queue File System...
         Mounting Huge Pages File System...
[[0;32m  OK  [0m] Listening on udev Control Socket.
         Starting udev Coldplug all Devices...
[[0;32m  OK  [0m] Started Load Kernel Modules.
[[0;32m  OK  [0m] Started Create list of required sta…vice nodes for the current kernel.
[[0;32m  OK  [0m] Started Uncomplicated firewall.
[[0;32m  OK  [0m] Started File System Check Daemon to report status.
[[0;32m  OK  [0m] Started LVM2 metadata daemon.
         Starting Create Static Device Nodes in /dev...
         Starting Apply Kernel Variables...
         Mounting FUSE Control File System...
         Mounting Kernel Configuration File System...
[[0;32m  OK  [0m] Mounted FUSE Control File System.
[[0;32m  OK  [0m] Mounted POSIX Message Queue File System.
[[0;32m  OK  [0m] Started Journal Service.
[[0;32m  OK  [0m] Mounted Kernel Debug File System.
[[0;32m  OK  [0m] Mounted Huge Pages File System.
[[0;32m  OK  [0m] Mounted Kernel Configuration File System.
[[0;32m  OK  [0m] Started Create Static Device Nodes in /dev.
[[0;32m  OK  [0m] Started udev Coldplug all Devices.
[[0;32m  OK  [0m] Started File System Check on Root Device.
         Starting Remount Root and Kernel File Systems...
[[0;32m  OK  [0m] Started Monitoring of LVM2 mirrors,…sing dmeventd or progress polling.
[[0;32m  OK  [0m] Started Apply Kernel Variables.
[[0;32m  OK  [0m] Started Remount Root and Kernel File Systems.
         Starting udev Kernel Device Manager...
         Starting Flush Journal to Persistent Storage...
         Starting Load/Save Random Seed...
[[0;32m  OK  [0m] Started udev Kernel Device Manager.
[[0;32m  OK  [0m] Started Load/Save Random Seed.
[[0;32m  OK  [0m] Started Flush Journal to Persistent Storage.
[[0;32m  OK  [0m] Found device /dev/ttyS0.
[[0;32m  OK  [0m] Listening on Load/Save RF Kill Switch Status /dev/rfkill Watch.
[[0;32m  OK  [0m] Started Set the console keyboard layout.
[[0;32m  OK  [0m] Reached target Local File Systems (Pre).
[[0;32m  OK  [0m] Reached target Local File Systems.
         Starting ebtables ruleset management...
         Starting Set console font and keymap...
         Starting AppArmor initialization...
         Starting Create Volatile Files and Directories...
         Starting Commit a transient machine-id on disk...
         Starting Tell Plymouth To Write Out Runtime Data...
[[0;32m  OK  [0m] Started Dispatch Password Requests to Console Directory Watch.
[[0;32m  OK  [0m] Reached target Local Encrypted Volumes.
[[0;32m  OK  [0m] Started Set console font and keymap.
[[0;32m  OK  [0m] Started Commit a transient machine-id on disk.
[[0;32m  OK  [0m] Started Tell Plymouth To Write Out Runtime Data.
[[0;32m  OK  [0m] Started Create Volatile Files and Directories.
         Starting Update UTMP about System Boot/Shutdown...
[[0;32m  OK  [0m] Started Update UTMP about System Boot/Shutdown.
[[0;32m  OK  [0m] Started ebtables ruleset management.
[[0;32m  OK  [0m] Started AppArmor initialization.
         Starting Initial cloud-init job (pre-networking)...
         Starting Load AppArmor profiles managed internally by snapd...
[[0;32m  OK  [0m] Started Load AppArmor profiles managed internally by snapd.
[    7.322802] cloud-init[604]: Cloud-init v. 21.3-1-g6803368d-0ubuntu1~18.04.4 running 'init-local' at Mon, 15 Nov 2021 08:35:20 +0000. Up 7.05 seconds.
[[0;32m  OK  [0m] Started Initial cloud-init job (pre-networking).
[[0;32m  OK  [0m] Reached target Network (Pre).
         Starting Network Service...
[[0;32m  OK  [0m] Started Network Service.
         Starting Wait for Network to be Configured...
         Starting Network Name Resolution...
[[0;32m  OK  [0m] Started Network Name Resolution.
[[0;32m  OK  [0m] Reached target Host and Network Name Lookups.
[[0;32m  OK  [0m] Reached target Network.
[[0;32m  OK  [0m] Started Wait for Network to be Configured.
         Starting Initial cloud-init job (metadata service crawler)...
[    9.643412] cloud-init[684]: Cloud-init v. 21.3-1-g6803368d-0ubuntu1~18.04.4 running 'init' at Mon, 15 Nov 2021 08:35:23 +0000. Up 9.52 seconds.
[    9.644533] cloud-init[684]: ci-info: +++++++++++++++++++++++++++++++++++++Net device info++++++++++++++++++++++++++++++++++++++
[    9.645687] cloud-init[684]: ci-info: +--------+------+---------------------------+---------------+--------+-------------------+
[    9.647635] cloud-init[684]: ci-info: | Device |  Up  |          Address          |      Mask     | Scope  |     Hw-Address    |
[    9.650426] cloud-init[684]: ci-info: +--------+------+---------------------------+---------------+--------+-------------------+
[    9.652200] cloud-init[684]: ci-info: | enp0s3 | True |         10.0.2.15         | 255.255.255.0 | global | 02:98:b5:2c:07:4e |
[    9.653752] cloud-init[684]: ci-info: | enp0s3 | True | fe80::98:b5ff:fe2c:74e/64 |       .       |  link  | 02:98:b5:2c:07:4e |
[    9.655071] cloud-init[684]: ci-info: |   lo   | True |         127.0.0.1         |   255.0.0.0   |  host  |         .         |
[    9.657716] cloud-init[684]: ci-info: |   lo   | True |          ::1/128          |       .       |  host  |         .         |
[    9.659270] cloud-init[684]: ci-info: +--------+------+---------------------------+---------------+--------+-------------------+
[    9.663095] cloud-init[684]: ci-info: ++++++++++++++++++++++++++++Route IPv4 info+++++++++++++++++++++++++++++
[    9.666987] cloud-init[684]: ci-info: +-------+-------------+----------+-----------------+-----------+-------+
[    9.668465] cloud-init[684]: ci-info: | Route | Destination | Gateway  |     Genmask     | Interface | Flags |
[    9.670171] cloud-init[684]: ci-info: +-------+-------------+----------+-----------------+-----------+-------+
[    9.673281] cloud-init[684]: ci-info: |   0   |   0.0.0.0   | 10.0.2.2 |     0.0.0.0     |   enp0s3  |   UG  |
[    9.677687] cloud-init[684]: ci-info: |   1   |   10.0.2.0  | 0.0.0.0  |  255.255.255.0  |   enp0s3  |   U   |
[    9.678974] cloud-init[684]: ci-info: |   2   |   10.0.2.2  | 0.0.0.0  | 255.255.255.255 |   enp0s3  |   UH  |
[    9.680656] cloud-init[684]: ci-info: +-------+-------------+----------+-----------------+-----------+-------+
[    9.683809] cloud-init[684]: ci-info: +++++++++++++++++++Route IPv6 info+++++++++++++++++++
[    9.685218] cloud-init[684]: ci-info: +-------+-------------+---------+-----------+-------+
[    9.688155] cloud-init[684]: ci-info: | Route | Destination | Gateway | Interface | Flags |
[    9.692420] cloud-init[684]: ci-info: +-------+-------------+---------+-----------+-------+
[    9.693462] cloud-init[684]: ci-info: |   1   |  fe80::/64  |    ::   |   enp0s3  |   U   |
[    9.694424] cloud-init[684]: ci-info: |   3   |    local    |    ::   |   enp0s3  |   U   |
[    9.696358] cloud-init[684]: ci-info: |   4   |   ff00::/8  |    ::   |   enp0s3  |   U   |
[    9.698662] cloud-init[684]: ci-info: +-------+-------------+---------+-----------+-------+
[   10.226773] cloud-init[684]: Generating public/private rsa key pair.
[   10.227561] cloud-init[684]: Your identification has been saved in /etc/ssh/ssh_host_rsa_key.
[   10.228369] cloud-init[684]: Your public key has been saved in /etc/ssh/ssh_host_rsa_key.pub.
[   10.229181] cloud-init[684]: The key fingerprint is:
[   10.232165] cloud-init[684]: SHA256:YnQew9yEeg38dKG6xW5v8dMDdXtJCqPz7myGzVCFuAI root@ubuntu-bionic
[   10.233008] cloud-init[684]: The key's randomart image is:
[   10.233477] cloud-init[684]: +---[RSA 2048]----+
[   10.244954] cloud-init[684]: |       . .o o.   |
[   10.245561] cloud-init[684]: |     E o++.o..   |
[   10.246157] cloud-init[684]: |      o.*=+..    |
[   10.246756] cloud-init[684]: |     ..+.*o+   o.|
[   10.247427] cloud-init[684]: |      o.S = o + +|
[   10.252738] cloud-init[684]: |     . . B  .o o.|
[   10.253346] cloud-init[684]: |        . X  o...|
[   10.253942] cloud-init[684]: |         o.B. o..|
[   10.254527] cloud-init[684]: |          ==.  ..|
[   10.255130] cloud-init[684]: +----[SHA256]-----+
[   10.255747] cloud-init[684]: Generating public/private dsa key pair.
[   10.256525] cloud-init[684]: Your identification has been saved in /etc/ssh/ssh_host_dsa_key.
[   10.260493] cloud-init[684]: Your public key has been saved in /etc/ssh/ssh_host_dsa_key.pub.
[   10.261345] cloud-init[684]: The key fingerprint is:
[   10.262032] cloud-init[684]: SHA256:u5XkS7KHMhKhfLaMFLsHQwVF39vmdkLfiyqFDFZZUnE root@ubuntu-bionic
[   10.262919] cloud-init[684]: The key's randomart image is:
[   10.264378] cloud-init[684]: +---[DSA 1024]----+
[   10.268323] cloud-init[684]: |  .+o   .++.E    |
[   10.268886] cloud-init[684]: |    .. .o. .     |
[   10.281129] cloud-init[684]: |   .  ...        |
[   10.281597] cloud-init[684]: |  o . o  o       |
[[0;32m  OK  [0m] Started Initial cloud-init job (metadata service crawler).
[[0;32m  OK  [0m] Reached target Cloud-config availability.[   10.295378] cloud-init[684]: | o + o oS.=      |
[   10.296847] cloud-init[684]: |  B +   oB.o .   |
[   10.297388] cloud-init[684]: | . O o  ooO o .  |
[   10.297915] cloud-init[684]: |  o = o oB.+ . . |
[   10.298495] cloud-init[684]: |   . . oooo.. .  |
[   10.299095] cloud-init[684]: +----[SHA256]-----+
[   10.299702] cloud-init[684]: Generating public/private ecdsa key pair.
[[0;32m  OK  [0m] Reached target System Initialization.
[[0;32m  OK  [0m] Started Daily apt download activities.
[[0;32m  OK  [0m] Listening on cloud-init hotplug hook socket.
[[0;32m  OK  [0m] Listening on ACPID Listen Socket.
[[0;32m  OK  [0m] Listening on UUID daemon activation socket.
[[0;32m  OK  [0m] Started Ubuntu Advantage Timer for running repeated jobs.
[[0;32m  OK  [0m] Started Trigger to poll for Ubuntu …(Only enabled on GCP LTS non-pro).
[[0;32m  OK  [0m] Started Daily apt upgrade and clean activities.
[[0;32m  OK  [0m] Listening on Open-iSCSI iscsid Socket.
[[0;32m  OK  [0m] Started Daily Cleanup of Temporary Directories.
         Starting Socket activation for snappy daemon.
[[0;32m  OK  [0m] Listening on D-Bus System Message Bus Socket.

         Starting LXD - unix socket.
[   10.327561] cloud-init[684]: Your identification has been saved in /etc/ssh/ssh_host_ecdsa_key.[[0;32m  OK  [0m] Started Message of the Day.
[[0;32m  OK  [0m] Started Discard unused blocks once a week.
[[0;32m  OK  [0m] Reached target Timers.

[   10.330183] cloud-init[684]: Your public key has been saved in /etc/ssh/ssh_host_ecdsa_key.pub.
[   10.331338] [[0;32m  OK  [0m] Started ACPI Events Check.
cloud-init[684]: The key fingerprint is:
[   10.332569] cloud-init[684]: SHA256:E71ItpxwlDH+y/zN3P5tz7m0lwc0oytSwCAzM/gClzo root@ubuntu-bionic
[   10.333290] cloud-init[684]: The key's randomart image is:
[   10.333948] cloud-init[684]: +---[ECDSA 256]---+
[   10.334397] cloud-init[684]: |   o    +o       |
[   10.334843] cloud-init[684]: |. + * .o.o       |
[   10.335323] cloud-init[684]: | + . *.o* .      |
[[0;32m  OK  [0m] Reached target Paths.
[[0;32m  OK  [0m] Reached target Network is Online.
[   10.337414] cloud-init[684]: [[0;32m  OK  [0m] Reached target Remote File Systems (Pre).
[[0;32m  OK  [0m] Reached target Remote File Systems.
         Starting Availability of block devices...
[[0;32m  OK  [0m] Listening on Socket activation for snappy daemon.
[[0;32m  OK  [0m] Listening on LXD - unix socket.
[[0;32m  OK  [0m] Reached target Sockets.
[[0;32m  OK  [0m] Reached target Basic System.
|E . .  *o* .  +  |
         Starting Accounts Service...
[   10.359829] cloud-init[684]: | . .    S.o  o o |
         Starting Permit User Sessions...
[   10.375911] cloud-init[[0;32m  OK  [0m] Started FUSE filesystem for LXC.
[684]: |         +... .  |
[   10.379638] cloud-init[684]: |         .+  . o.|[[0;32m  OK  [0m] Started Deferred execution scheduler.

[   10.382019] cloud-init[684]: |        . ...+.+B|         Starting Pollinate to seed the pseudo random number generator...

[   10.386414] cloud-init[684]: |         . .. +*&|
         Starting LSB: Record successful boot for GRUB...
[   10.389907] cloud-init[684]: +----[SHA256]-----+
         Starting Virtualbox guest utils...
[   10.396879] cloud-init[684]: Generating public/private ed25519 key pair.
[   10.397912] cloud-init[684]: Your identification has been saved in /etc/ssh/ssh_host_ed25519_key.
[   10.400300] cloud-init[684]: Your public key has been saved in /etc/ssh/ssh_host_ed25519_key.pub.
[   10.401139] cloud-init[684]: The key fingerprint is:
[   10.403276] cloud-init[684]: SHA256:xZ1uUdjHER1AXHqSRP8lNAnAeRVeEBepbHvcKPJyS30 root@ubuntu-bionic
[   10.405237] cloud-init[684]: The key's randomart image is:
[   10.416960] cloud-init[684]: +--[ED25519 256]--+
[   10.417521] cloud-init[684]: |         ..o=X@%X|
[   10.418087] cloud-init[684]: |         .o.+**=+|
[   10.418947] cloud-init[684]: |          o.=+++.|
[   10.419629] cloud-init[684]: |         . . =o.o|
[   10.420538] cloud-init[684]: |        S   + o.o|
[   10.421169] cloud-init[684]: |          ...o.o.|
[   10.423450] cloud-init[684]: |           o..o E|
         Starting Snap Daemon...
[   10.436025] cloud-init[684]: |          ..o  . |
         Starting LXD - container startup/shutdown...
[[0;32m  OK  [0m] Started D-Bus System Message Bus.
[   10.444695] cloud-init[684]: |           o..   |
[   10.446772] cloud-init[684]: +----[SHA256]-----+
         Starting LSB: automatic crash report generation...
[[0;32m  OK  [0m] Started irqbalance daemon.
[[0;32m  OK  [0m] Started Regular background program processing daemon.
         Starting System Logging Service...
         Starting Login Service...
         Starting Dispatcher daemon for systemd-networkd...
[[0;32m  OK  [0m] Started System Logging Service.
[[0;32m  OK  [0m] Started Availability of block devices.
[[0;32m  OK  [0m] Started Permit User Sessions.
[[0;32m  OK  [0m] Started LXD - container startup/shutdown.
[[0;32m  OK  [0m] Started Login Service.
[[0;32m  OK  [0m] Started Unattended Upgrades Shutdown.
         Starting Authorization Manager...
         Starting Hold until boot process finishes up...
         Starting Terminate Plymouth Boot Screen...
[[0;32m  OK  [0m] Started Hold until boot process finishes up.
[[0;32m  OK  [0m] Started Serial Getty on ttyS0.
         Starting Set console scheme...
[[0;32m  OK  [0m] Started Terminate Plymouth Boot Screen.
[[0;32m  OK  [0m] Started Set console scheme.
[[0;32m  OK  [0m] Created slice system-getty.slice.
[[0;32m  OK  [0m] Started Getty on tty1.
[[0;32m  OK  [0m] Reached target Login Prompts.
[[0;32m  OK  [0m] Started Authorization Manager.
[[0;32m  OK  [0m] Started Accounts Service.
[[0;32m  OK  [0m] Started LSB: automatic crash report generation.
[[0;32m  OK  [0m] Started LSB: Record successful boot for GRUB.
[[0;32m  OK  [0m] Started Virtualbox guest utils.
[[0;32m  OK  [0m] Started Pollinate to seed the pseudo random number generator.
         Starting OpenBSD Secure Shell server...
[[0;32m  OK  [0m] Started OpenBSD Secure Shell server.
[[0;32m  OK  [0m] Started Snap Daemon.
         Starting Wait until snapd is fully seeded...
[[0;32m  OK  [0m] Started Dispatcher daemon for systemd-networkd.
[[0;32m  OK  [0m] Started Wait until snapd is fully seeded.
         Starting Apply the settings specified in cloud-config...
[[0;32m  OK  [0m] Reached target Multi-User System.
[[0;32m  OK  [0m] Reached target Graphical Interface.
         Starting Update UTMP about System Runlevel Changes...
[[0;32m  OK  [0m] Started Update UTMP about System Runlevel Changes.
[[0;32m  OK  [0m] Created slice User Slice of vagrant.
         Starting User Manager for UID 1000...
[[0;32m  OK  [0m] Started Session 1 of user vagrant.
[[0;32m  OK  [0m] Started User Manager for UID 1000.
[   13.157800] cloud-init[1099]: Cloud-init v. 21.3-1-g6803368d-0ubuntu1~18.04.4 running 'modules:config' at Mon, 15 Nov 2021 08:35:26 +0000. Up 12.66 seconds.
[[0;32m  OK  [0m] Started Apply the settings specified in cloud-config.
         Starting Execute cloud user/final scripts...
ci-info: no authorized SSH keys fingerprints found for user ubuntu.
<14>Nov 15 08:35:28 cloud-init: #############################################################
<14>Nov 15 08:35:28 cloud-init: -----BEGIN SSH HOST KEY FINGERPRINTS-----
<14>Nov 15 08:35:28 cloud-init: 1024 SHA256:u5XkS7KHMhKhfLaMFLsHQwVF39vmdkLfiyqFDFZZUnE root@ubuntu-bionic (DSA)
<14>Nov 15 08:35:28 cloud-init: 256 SHA256:E71ItpxwlDH+y/zN3P5tz7m0lwc0oytSwCAzM/gClzo root@ubuntu-bionic (ECDSA)
<14>Nov 15 08:35:28 cloud-init: 256 SHA256:xZ1uUdjHER1AXHqSRP8lNAnAeRVeEBepbHvcKPJyS30 root@ubuntu-bionic (ED25519)
<14>Nov 15 08:35:28 cloud-init: 2048 SHA256:YnQew9yEeg38dKG6xW5v8dMDdXtJCqPz7myGzVCFuAI root@ubuntu-bionic (RSA)
<14>Nov 15 08:35:28 cloud-init: -----END SSH HOST KEY FINGERPRINTS-----
<14>Nov 15 08:35:28 cloud-init: #############################################################
-----BEGIN SSH HOST KEY KEYS-----
ecdsa-sha2-nistp256 AAAAE2VjZHNhLXNoYTItbmlzdHAyNTYAAAAIbmlzdHAyNTYAAABBBNeU0Dd+/OxmwJ6twjoEfEZvipRBaFG5Z3+7FpOvC9MeFSEehCz/ac+eZBfXx+wajVZy0rSp3zk/xlhCh4KBxWw= root@ubuntu-bionic
ssh-ed25519 AAAAC3NzaC1lZDI1NTE5AAAAINVrh2vssITI7pHz0QFxyShyKYZjOGm2SRt7cjdBVUPo root@ubuntu-bionic
ssh-rsa AAAAB3NzaC1yc2EAAAADAQABAAABAQCven+UCc+3OV8YCwDSCLxaIXsW1uYeSLZLFI0P9ycqSAcQ+Y4kQiMTSuIFAPBJVEPPG/bKzJVh6fXKnBrh+Y38UftQFrmlCIlP0O59K00mufCdf7eHJrbksez3o8VWffBCX9dGsULIhmd7j4x2Ij5gcFD2JY8vBGDStqPXY5XMUb/NVSP1qpgtttTFdqvVOMHLyT2WXRuQeqUuDd4MgaOR1qTpaVQxtxTDimODPdxwcBKpddLOlEvEGx3A4apS4sxRa+sOE9hXBxgiByjbi7/pBIPN1TtWj4cHsFK6ctV0nZeV1KOfOGJ08la5Kj9kfobiEEwXvfzOPbbCxiSwKko5 root@ubuntu-bionic
-----END SSH HOST KEY KEYS-----
[   14.393082] cloud-init[1213]: Cloud-init v. 21.3-1-g6803368d-0ubuntu1~18.04.4 running 'modules:final' at Mon, 15 Nov 2021 08:35:27 +0000. Up 14.00 seconds.
[   14.394388] cloud-init[1213]: ci-info: no authorized SSH keys fingerprints found for user ubuntu.
[   14.396293] cloud-init[1213]: Cloud-init v. 21.3-1-g6803368d-0ubuntu1~18.04.4 finished at Mon, 15 Nov 2021 08:35:28 +0000. Datasource DataSourceNoCloud [seed=/dev/sdb][dsmode=net].  Up 14.37 seconds
[[0;32m  OK  [0m] Started Execute cloud user/final scripts.
[[0;32m  OK  [0m] Reached target Cloud-init target.

Ubuntu 18.04.6 LTS ubuntu-bionic ttyS0

ubuntu-bionic login: 